<?xml version="1.0" encoding="UTF-8"?>
<testsuite name="ru.alfabank.myjob.alfabanktesttask.PropertiesTest" tests="1" skipped="0" failures="0" errors="0" timestamp="2021-12-23T23:12:54" hostname="DESKTOP-0L5F16E" time="0.004">
  <properties/>
  <testcase name="checkProperties()" classname="ru.alfabank.myjob.alfabanktesttask.PropertiesTest" time="0.004"/>
  <system-out><![CDATA[2021-12-24 02:12:54.362  INFO 11544 --- [    Test worker] .b.t.c.SpringBootTestContextBootstrapper : Neither @ContextConfiguration nor @ContextHierarchy found for test class [ru.alfabank.myjob.alfabanktesttask.PropertiesTest], using SpringBootContextLoader
2021-12-24 02:12:54.363  INFO 11544 --- [    Test worker] o.s.t.c.support.AbstractContextLoader    : Could not detect default resource locations for test class [ru.alfabank.myjob.alfabanktesttask.PropertiesTest]: no resource found for suffixes {-context.xml, Context.groovy}.
2021-12-24 02:12:54.364  INFO 11544 --- [    Test worker] t.c.s.AnnotationConfigContextLoaderUtils : Could not detect default configuration classes for test class [ru.alfabank.myjob.alfabanktesttask.PropertiesTest]: PropertiesTest does not declare any static, non-private, non-final, nested classes annotated with @Configuration.
2021-12-24 02:12:54.365  INFO 11544 --- [    Test worker] .b.t.c.SpringBootTestContextBootstrapper : Found @SpringBootConfiguration ru.alfabank.myjob.alfabanktesttask.AlfaBankTestTaskApplication for test class ru.alfabank.myjob.alfabanktesttask.PropertiesTest
2021-12-24 02:12:54.367  INFO 11544 --- [    Test worker] .b.t.c.SpringBootTestContextBootstrapper : Loaded default TestExecutionListener class names from location [META-INF/spring.factories]: [org.springframework.boot.test.autoconfigure.restdocs.RestDocsTestExecutionListener, org.springframework.boot.test.autoconfigure.web.client.MockRestServiceServerResetTestExecutionListener, org.springframework.boot.test.autoconfigure.web.servlet.MockMvcPrintOnlyOnFailureTestExecutionListener, org.springframework.boot.test.autoconfigure.web.servlet.WebDriverTestExecutionListener, org.springframework.boot.test.autoconfigure.webservices.client.MockWebServiceServerTestExecutionListener, org.springframework.boot.test.mock.mockito.MockitoTestExecutionListener, org.springframework.boot.test.mock.mockito.ResetMocksTestExecutionListener, org.springframework.test.context.web.ServletTestExecutionListener, org.springframework.test.context.support.DirtiesContextBeforeModesTestExecutionListener, org.springframework.test.context.event.ApplicationEventsTestExecutionListener, org.springframework.test.context.support.DependencyInjectionTestExecutionListener, org.springframework.test.context.support.DirtiesContextTestExecutionListener, org.springframework.test.context.transaction.TransactionalTestExecutionListener, org.springframework.test.context.jdbc.SqlScriptsTestExecutionListener, org.springframework.test.context.event.EventPublishingTestExecutionListener]
2021-12-24 02:12:54.368  INFO 11544 --- [    Test worker] .b.t.c.SpringBootTestContextBootstrapper : Using TestExecutionListeners: [org.springframework.test.context.web.ServletTestExecutionListener@7fc1fd31, org.springframework.test.context.support.DirtiesContextBeforeModesTestExecutionListener@75a9cc24, org.springframework.test.context.event.ApplicationEventsTestExecutionListener@4449a60b, org.springframework.boot.test.mock.mockito.MockitoTestExecutionListener@da5d5e1, org.springframework.boot.test.autoconfigure.SpringBootDependencyInjectionTestExecutionListener@7d7d8911, org.springframework.test.context.support.DirtiesContextTestExecutionListener@460eb276, org.springframework.test.context.event.EventPublishingTestExecutionListener@4ffe3d42, org.springframework.boot.test.autoconfigure.restdocs.RestDocsTestExecutionListener@6cd7f381, org.springframework.boot.test.autoconfigure.web.client.MockRestServiceServerResetTestExecutionListener@7df3da0b, org.springframework.boot.test.autoconfigure.web.servlet.MockMvcPrintOnlyOnFailureTestExecutionListener@4e5d5ac1, org.springframework.boot.test.autoconfigure.web.servlet.WebDriverTestExecutionListener@70777a65, org.springframework.boot.test.autoconfigure.webservices.client.MockWebServiceServerTestExecutionListener@236fd411, org.springframework.boot.test.mock.mockito.ResetMocksTestExecutionListener@402f61f5]
]]></system-out>
  <system-err><![CDATA[]]></system-err>
</testsuite>
