<?xml version="1.0" encoding="UTF-8"?>
<testsuite name="ru.alfabank.myjob.alfabanktesttask.AlfaBankTestTaskApplicationTests" tests="1" skipped="0" failures="0" errors="0" timestamp="2021-11-28T20:32:03" hostname="DESKTOP-0L5F16E" time="0.66">
  <properties/>
  <testcase name="contextLoads()" classname="ru.alfabank.myjob.alfabanktesttask.AlfaBankTestTaskApplicationTests" time="0.66"/>
  <system-out><![CDATA[23:31:45.247 [Test worker] DEBUG org.springframework.test.context.BootstrapUtils - Instantiating CacheAwareContextLoaderDelegate from class [org.springframework.test.context.cache.DefaultCacheAwareContextLoaderDelegate]
23:31:45.499 [Test worker] DEBUG org.springframework.test.context.BootstrapUtils - Instantiating BootstrapContext using constructor [public org.springframework.test.context.support.DefaultBootstrapContext(java.lang.Class,org.springframework.test.context.CacheAwareContextLoaderDelegate)]
23:31:45.658 [Test worker] DEBUG org.springframework.test.context.BootstrapUtils - Instantiating TestContextBootstrapper for test class [ru.alfabank.myjob.alfabanktesttask.AlfaBankTestTaskApplicationTests] from class [org.springframework.boot.test.context.SpringBootTestContextBootstrapper]
23:31:45.902 [Test worker] INFO org.springframework.boot.test.context.SpringBootTestContextBootstrapper - Neither @ContextConfiguration nor @ContextHierarchy found for test class [ru.alfabank.myjob.alfabanktesttask.AlfaBankTestTaskApplicationTests], using SpringBootContextLoader
23:31:46.034 [Test worker] DEBUG org.springframework.test.context.support.AbstractContextLoader - Did not detect default resource location for test class [ru.alfabank.myjob.alfabanktesttask.AlfaBankTestTaskApplicationTests]: class path resource [ru/alfabank/myjob/alfabanktesttask/AlfaBankTestTaskApplicationTests-context.xml] does not exist
23:31:46.035 [Test worker] DEBUG org.springframework.test.context.support.AbstractContextLoader - Did not detect default resource location for test class [ru.alfabank.myjob.alfabanktesttask.AlfaBankTestTaskApplicationTests]: class path resource [ru/alfabank/myjob/alfabanktesttask/AlfaBankTestTaskApplicationTestsContext.groovy] does not exist
23:31:46.035 [Test worker] INFO org.springframework.test.context.support.AbstractContextLoader - Could not detect default resource locations for test class [ru.alfabank.myjob.alfabanktesttask.AlfaBankTestTaskApplicationTests]: no resource found for suffixes {-context.xml, Context.groovy}.
23:31:46.036 [Test worker] INFO org.springframework.test.context.support.AnnotationConfigContextLoaderUtils - Could not detect default configuration classes for test class [ru.alfabank.myjob.alfabanktesttask.AlfaBankTestTaskApplicationTests]: AlfaBankTestTaskApplicationTests does not declare any static, non-private, non-final, nested classes annotated with @Configuration.
23:31:46.327 [Test worker] DEBUG org.springframework.test.context.support.ActiveProfilesUtils - Could not find an 'annotation declaring class' for annotation type [org.springframework.test.context.ActiveProfiles] and class [ru.alfabank.myjob.alfabanktesttask.AlfaBankTestTaskApplicationTests]
23:31:47.292 [Test worker] DEBUG org.springframework.context.annotation.ClassPathScanningCandidateComponentProvider - Identified candidate component class: file [C:\Users\Костя\IdeaProjects\AlfaBankTestTask_\alfabanktesttask\build\classes\java\main\ru\alfabank\myjob\alfabanktesttask\AlfaBankTestTaskApplication.class]
23:31:47.293 [Test worker] INFO org.springframework.boot.test.context.SpringBootTestContextBootstrapper - Found @SpringBootConfiguration ru.alfabank.myjob.alfabanktesttask.AlfaBankTestTaskApplication for test class ru.alfabank.myjob.alfabanktesttask.AlfaBankTestTaskApplicationTests
23:31:48.608 [Test worker] DEBUG org.springframework.boot.test.context.SpringBootTestContextBootstrapper - @TestExecutionListeners is not present for class [ru.alfabank.myjob.alfabanktesttask.AlfaBankTestTaskApplicationTests]: using defaults.
23:31:48.609 [Test worker] INFO org.springframework.boot.test.context.SpringBootTestContextBootstrapper - Loaded default TestExecutionListener class names from location [META-INF/spring.factories]: [org.springframework.boot.test.autoconfigure.restdocs.RestDocsTestExecutionListener, org.springframework.boot.test.autoconfigure.web.client.MockRestServiceServerResetTestExecutionListener, org.springframework.boot.test.autoconfigure.web.servlet.MockMvcPrintOnlyOnFailureTestExecutionListener, org.springframework.boot.test.autoconfigure.web.servlet.WebDriverTestExecutionListener, org.springframework.boot.test.autoconfigure.webservices.client.MockWebServiceServerTestExecutionListener, org.springframework.boot.test.mock.mockito.MockitoTestExecutionListener, org.springframework.boot.test.mock.mockito.ResetMocksTestExecutionListener, org.springframework.test.context.web.ServletTestExecutionListener, org.springframework.test.context.support.DirtiesContextBeforeModesTestExecutionListener, org.springframework.test.context.event.ApplicationEventsTestExecutionListener, org.springframework.test.context.support.DependencyInjectionTestExecutionListener, org.springframework.test.context.support.DirtiesContextTestExecutionListener, org.springframework.test.context.transaction.TransactionalTestExecutionListener, org.springframework.test.context.jdbc.SqlScriptsTestExecutionListener, org.springframework.test.context.event.EventPublishingTestExecutionListener]
23:31:48.730 [Test worker] DEBUG org.springframework.boot.test.context.SpringBootTestContextBootstrapper - Skipping candidate TestExecutionListener [org.springframework.test.context.transaction.TransactionalTestExecutionListener] due to a missing dependency. Specify custom listener classes or make the default listener classes and their required dependencies available. Offending class: [org/springframework/transaction/interceptor/TransactionAttributeSource]
23:31:48.730 [Test worker] DEBUG org.springframework.boot.test.context.SpringBootTestContextBootstrapper - Skipping candidate TestExecutionListener [org.springframework.test.context.jdbc.SqlScriptsTestExecutionListener] due to a missing dependency. Specify custom listener classes or make the default listener classes and their required dependencies available. Offending class: [org/springframework/transaction/interceptor/TransactionAttribute]
23:31:48.731 [Test worker] INFO org.springframework.boot.test.context.SpringBootTestContextBootstrapper - Using TestExecutionListeners: [org.springframework.test.context.web.ServletTestExecutionListener@4a335fa8, org.springframework.test.context.support.DirtiesContextBeforeModesTestExecutionListener@3f363cf5, org.springframework.test.context.event.ApplicationEventsTestExecutionListener@3829ac1, org.springframework.boot.test.mock.mockito.MockitoTestExecutionListener@4baf352a, org.springframework.boot.test.autoconfigure.SpringBootDependencyInjectionTestExecutionListener@1bb1fde8, org.springframework.test.context.support.DirtiesContextTestExecutionListener@15eebbff, org.springframework.test.context.event.EventPublishingTestExecutionListener@22d6f11, org.springframework.boot.test.autoconfigure.restdocs.RestDocsTestExecutionListener@30990c1b, org.springframework.boot.test.autoconfigure.web.client.MockRestServiceServerResetTestExecutionListener@2453f95d, org.springframework.boot.test.autoconfigure.web.servlet.MockMvcPrintOnlyOnFailureTestExecutionListener@44828f6b, org.springframework.boot.test.autoconfigure.web.servlet.WebDriverTestExecutionListener@2dbe250d, org.springframework.boot.test.autoconfigure.webservices.client.MockWebServiceServerTestExecutionListener@553f1d75, org.springframework.boot.test.mock.mockito.ResetMocksTestExecutionListener@6e1d8f9e]
23:31:48.749 [Test worker] DEBUG org.springframework.test.context.support.AbstractDirtiesContextTestExecutionListener - Before test class: context [DefaultTestContext@a5b0b86 testClass = AlfaBankTestTaskApplicationTests, testInstance = [null], testMethod = [null], testException = [null], mergedContextConfiguration = [WebMergedContextConfiguration@4b3c354a testClass = AlfaBankTestTaskApplicationTests, locations = '{}', classes = '{class ru.alfabank.myjob.alfabanktesttask.AlfaBankTestTaskApplication}', contextInitializerClasses = '[]', activeProfiles = '{}', propertySourceLocations = '{}', propertySourceProperties = '{org.springframework.boot.test.context.SpringBootTestContextBootstrapper=true}', contextCustomizers = set[org.springframework.boot.test.autoconfigure.actuate.metrics.MetricsExportContextCustomizerFactory$DisableMetricExportContextCustomizer@5505ae1a, org.springframework.boot.test.autoconfigure.properties.PropertyMappingContextCustomizer@0, org.springframework.boot.test.autoconfigure.web.servlet.WebDriverContextCustomizerFactory$Customizer@3b96c42e, org.springframework.boot.test.context.filter.ExcludeFilterContextCustomizer@3899782c, org.springframework.boot.test.json.DuplicateJsonObjectContextCustomizerFactory$DuplicateJsonObjectContextCustomizer@4b23c30a, org.springframework.boot.test.mock.mockito.MockitoContextCustomizer@0, org.springframework.boot.test.web.client.TestRestTemplateContextCustomizer@63fbfaeb, org.springframework.boot.test.context.SpringBootTestArgs@1, org.springframework.boot.test.context.SpringBootTestWebEnvironment@2525ff7e], resourceBasePath = 'src/main/webapp', contextLoader = 'org.springframework.boot.test.context.SpringBootContextLoader', parent = [null]], attributes = map['org.springframework.test.context.web.ServletTestExecutionListener.activateListener' -> true]], class annotated with @DirtiesContext [false] with mode [null].
23:31:49.400 [Test worker] DEBUG org.springframework.test.context.support.TestPropertySourceUtils - Adding inlined properties to environment: {spring.jmx.enabled=false, org.springframework.boot.test.context.SpringBootTestContextBootstrapper=true}

  .   ____          _            __ _ _
 /\\ / ___'_ __ _ _(_)_ __  __ _ \ \ \ \
( ( )\___ | '_ | '_| | '_ \/ _` | \ \ \ \
 \\/  ___)| |_)| | | | | || (_| |  ) ) ) )
  '  |____| .__|_| |_|_| |_\__, | / / / /
 =========|_|==============|___/=/_/_/_/
 :: Spring Boot ::                (v2.5.0)

2021-11-28 23:31:52.645  INFO 8588 --- [    Test worker] r.a.m.a.AlfaBankTestTaskApplicationTests : Starting AlfaBankTestTaskApplicationTests using Java 13.0.1 on DESKTOP-0L5F16E with PID 8588 (started by Костя in C:\Users\Костя\IdeaProjects\AlfaBankTestTask_\alfabanktesttask)
2021-11-28 23:31:52.645  INFO 8588 --- [    Test worker] r.a.m.a.AlfaBankTestTaskApplicationTests : No active profile set, falling back to default profiles: default
2021-11-28 23:31:59.001  INFO 8588 --- [    Test worker] o.s.cloud.context.scope.GenericScope     : BeanFactory id=860270a5-3434-3f6b-9a93-47e7f84bb9f8
2021-11-28 23:32:03.411  INFO 8588 --- [    Test worker] r.a.m.a.AlfaBankTestTaskApplicationTests : Started AlfaBankTestTaskApplicationTests in 13.955 seconds (JVM running for 25.567)
2021-11-28 23:32:03.411  INFO 8588 --- [    Test worker] o.s.b.a.ApplicationAvailabilityBean      : Application availability state LivenessState changed to CORRECT
2021-11-28 23:32:03.411  INFO 8588 --- [    Test worker] o.s.b.a.ApplicationAvailabilityBean      : Application availability state ReadinessState changed to ACCEPTING_TRAFFIC
]]></system-out>
  <system-err><![CDATA[]]></system-err>
</testsuite>
