<?xml version="1.0" encoding="UTF-8"?>
<testsuite name="ru.alfabank.myjob.alfabanktesttask.services.ExchangeRateServicesTest" tests="1" skipped="0" failures="0" errors="0" timestamp="2021-12-23T23:12:54" hostname="DESKTOP-0L5F16E" time="0.795">
  <properties/>
  <testcase name="getExchange()" classname="ru.alfabank.myjob.alfabanktesttask.services.ExchangeRateServicesTest" time="0.795"/>
  <system-out><![CDATA[2021-12-24 02:12:54.377  INFO 11544 --- [    Test worker] .b.t.c.SpringBootTestContextBootstrapper : Neither @ContextConfiguration nor @ContextHierarchy found for test class [ru.alfabank.myjob.alfabanktesttask.services.ExchangeRateServicesTest], using SpringBootContextLoader
2021-12-24 02:12:54.378  INFO 11544 --- [    Test worker] o.s.t.c.support.AbstractContextLoader    : Could not detect default resource locations for test class [ru.alfabank.myjob.alfabanktesttask.services.ExchangeRateServicesTest]: no resource found for suffixes {-context.xml, Context.groovy}.
2021-12-24 02:12:54.379  INFO 11544 --- [    Test worker] t.c.s.AnnotationConfigContextLoaderUtils : Could not detect default configuration classes for test class [ru.alfabank.myjob.alfabanktesttask.services.ExchangeRateServicesTest]: ExchangeRateServicesTest does not declare any static, non-private, non-final, nested classes annotated with @Configuration.
2021-12-24 02:12:54.385  INFO 11544 --- [    Test worker] .b.t.c.SpringBootTestContextBootstrapper : Found @SpringBootConfiguration ru.alfabank.myjob.alfabanktesttask.AlfaBankTestTaskApplication for test class ru.alfabank.myjob.alfabanktesttask.services.ExchangeRateServicesTest
2021-12-24 02:12:54.387  INFO 11544 --- [    Test worker] .b.t.c.SpringBootTestContextBootstrapper : Loaded default TestExecutionListener class names from location [META-INF/spring.factories]: [org.springframework.boot.test.autoconfigure.restdocs.RestDocsTestExecutionListener, org.springframework.boot.test.autoconfigure.web.client.MockRestServiceServerResetTestExecutionListener, org.springframework.boot.test.autoconfigure.web.servlet.MockMvcPrintOnlyOnFailureTestExecutionListener, org.springframework.boot.test.autoconfigure.web.servlet.WebDriverTestExecutionListener, org.springframework.boot.test.autoconfigure.webservices.client.MockWebServiceServerTestExecutionListener, org.springframework.boot.test.mock.mockito.MockitoTestExecutionListener, org.springframework.boot.test.mock.mockito.ResetMocksTestExecutionListener, org.springframework.test.context.web.ServletTestExecutionListener, org.springframework.test.context.support.DirtiesContextBeforeModesTestExecutionListener, org.springframework.test.context.event.ApplicationEventsTestExecutionListener, org.springframework.test.context.support.DependencyInjectionTestExecutionListener, org.springframework.test.context.support.DirtiesContextTestExecutionListener, org.springframework.test.context.transaction.TransactionalTestExecutionListener, org.springframework.test.context.jdbc.SqlScriptsTestExecutionListener, org.springframework.test.context.event.EventPublishingTestExecutionListener]
2021-12-24 02:12:54.388  INFO 11544 --- [    Test worker] .b.t.c.SpringBootTestContextBootstrapper : Using TestExecutionListeners: [org.springframework.test.context.web.ServletTestExecutionListener@2e426dd2, org.springframework.test.context.support.DirtiesContextBeforeModesTestExecutionListener@1a0ffb9b, org.springframework.test.context.event.ApplicationEventsTestExecutionListener@67c0c90b, org.springframework.boot.test.mock.mockito.MockitoTestExecutionListener@8549c5f, org.springframework.boot.test.autoconfigure.SpringBootDependencyInjectionTestExecutionListener@35454c7a, org.springframework.test.context.support.DirtiesContextTestExecutionListener@50f3ba6a, org.springframework.test.context.event.EventPublishingTestExecutionListener@319aa9ee, org.springframework.boot.test.autoconfigure.restdocs.RestDocsTestExecutionListener@1d806de6, org.springframework.boot.test.autoconfigure.web.client.MockRestServiceServerResetTestExecutionListener@2b9d4b0, org.springframework.boot.test.autoconfigure.web.servlet.MockMvcPrintOnlyOnFailureTestExecutionListener@4f541e67, org.springframework.boot.test.autoconfigure.web.servlet.WebDriverTestExecutionListener@2be50bba, org.springframework.boot.test.autoconfigure.webservices.client.MockWebServiceServerTestExecutionListener@3514ac7d, org.springframework.boot.test.mock.mockito.ResetMocksTestExecutionListener@79c4f23b]
]]></system-out>
  <system-err><![CDATA[]]></system-err>
</testsuite>
