<?xml version="1.0" encoding="UTF-8"?>
<testsuite name="ru.alfabank.myjob.alfabanktesttask.controller.ExchangeRateControllerTest" tests="2" skipped="0" failures="0" errors="0" timestamp="2021-12-23T23:12:54" hostname="DESKTOP-0L5F16E" time="0.172">
  <properties/>
  <testcase name="getGif()" classname="ru.alfabank.myjob.alfabanktesttask.controller.ExchangeRateControllerTest" time="0.15"/>
  <testcase name="getGifAsJSON()" classname="ru.alfabank.myjob.alfabanktesttask.controller.ExchangeRateControllerTest" time="0.019"/>
  <system-out><![CDATA[2021-12-24 02:12:53.069  INFO 11544 --- [    Test worker] .b.t.c.SpringBootTestContextBootstrapper : Neither @ContextConfiguration nor @ContextHierarchy found for test class [ru.alfabank.myjob.alfabanktesttask.controller.ExchangeRateControllerTest], using SpringBootContextLoader
2021-12-24 02:12:53.070  INFO 11544 --- [    Test worker] o.s.t.c.support.AbstractContextLoader    : Could not detect default resource locations for test class [ru.alfabank.myjob.alfabanktesttask.controller.ExchangeRateControllerTest]: no resource found for suffixes {-context.xml, Context.groovy}.
2021-12-24 02:12:53.070  INFO 11544 --- [    Test worker] t.c.s.AnnotationConfigContextLoaderUtils : Could not detect default configuration classes for test class [ru.alfabank.myjob.alfabanktesttask.controller.ExchangeRateControllerTest]: ExchangeRateControllerTest does not declare any static, non-private, non-final, nested classes annotated with @Configuration.
2021-12-24 02:12:53.086  INFO 11544 --- [    Test worker] .b.t.c.SpringBootTestContextBootstrapper : Found @SpringBootConfiguration ru.alfabank.myjob.alfabanktesttask.AlfaBankTestTaskApplication for test class ru.alfabank.myjob.alfabanktesttask.controller.ExchangeRateControllerTest
2021-12-24 02:12:53.089  INFO 11544 --- [    Test worker] .b.t.c.SpringBootTestContextBootstrapper : Loaded default TestExecutionListener class names from location [META-INF/spring.factories]: [org.springframework.boot.test.autoconfigure.restdocs.RestDocsTestExecutionListener, org.springframework.boot.test.autoconfigure.web.client.MockRestServiceServerResetTestExecutionListener, org.springframework.boot.test.autoconfigure.web.servlet.MockMvcPrintOnlyOnFailureTestExecutionListener, org.springframework.boot.test.autoconfigure.web.servlet.WebDriverTestExecutionListener, org.springframework.boot.test.autoconfigure.webservices.client.MockWebServiceServerTestExecutionListener, org.springframework.boot.test.mock.mockito.MockitoTestExecutionListener, org.springframework.boot.test.mock.mockito.ResetMocksTestExecutionListener, org.springframework.test.context.web.ServletTestExecutionListener, org.springframework.test.context.support.DirtiesContextBeforeModesTestExecutionListener, org.springframework.test.context.event.ApplicationEventsTestExecutionListener, org.springframework.test.context.support.DependencyInjectionTestExecutionListener, org.springframework.test.context.support.DirtiesContextTestExecutionListener, org.springframework.test.context.transaction.TransactionalTestExecutionListener, org.springframework.test.context.jdbc.SqlScriptsTestExecutionListener, org.springframework.test.context.event.EventPublishingTestExecutionListener]
2021-12-24 02:12:53.090  INFO 11544 --- [    Test worker] .b.t.c.SpringBootTestContextBootstrapper : Using TestExecutionListeners: [org.springframework.test.context.web.ServletTestExecutionListener@74b1838, org.springframework.test.context.support.DirtiesContextBeforeModesTestExecutionListener@52d96367, org.springframework.test.context.event.ApplicationEventsTestExecutionListener@5be51aa, org.springframework.boot.test.mock.mockito.MockitoTestExecutionListener@3302035b, org.springframework.boot.test.autoconfigure.SpringBootDependencyInjectionTestExecutionListener@6c5747db, org.springframework.test.context.support.DirtiesContextTestExecutionListener@750cd36d, org.springframework.test.context.event.EventPublishingTestExecutionListener@2c8ff67, org.springframework.boot.test.autoconfigure.restdocs.RestDocsTestExecutionListener@21733cbe, org.springframework.boot.test.autoconfigure.web.client.MockRestServiceServerResetTestExecutionListener@77ccded4, org.springframework.boot.test.autoconfigure.web.servlet.MockMvcPrintOnlyOnFailureTestExecutionListener@64c8fcfb, org.springframework.boot.test.autoconfigure.web.servlet.WebDriverTestExecutionListener@21be14c2, org.springframework.boot.test.autoconfigure.webservices.client.MockWebServiceServerTestExecutionListener@19105a87, org.springframework.boot.test.mock.mockito.ResetMocksTestExecutionListener@83b0d0f]

  .   ____          _            __ _ _
 /\\ / ___'_ __ _ _(_)_ __  __ _ \ \ \ \
( ( )\___ | '_ | '_| | '_ \/ _` | \ \ \ \
 \\/  ___)| |_)| | | | | || (_| |  ) ) ) )
  '  |____| .__|_| |_|_| |_\__, | / / / /
 =========|_|==============|___/=/_/_/_/
 :: Spring Boot ::                (v2.5.0)

2021-12-24 02:12:53.247  INFO 11544 --- [    Test worker] r.a.m.a.c.ExchangeRateControllerTest     : Starting ExchangeRateControllerTest using Java 13.0.1 on DESKTOP-0L5F16E with PID 11544 (started by Костя in C:\Users\Костя\IdeaProjects\AlfaBankTestTask_\alfabanktesttask)
2021-12-24 02:12:53.248  INFO 11544 --- [    Test worker] r.a.m.a.c.ExchangeRateControllerTest     : No active profile set, falling back to default profiles: default
2021-12-24 02:12:53.467  INFO 11544 --- [    Test worker] o.s.cloud.context.scope.GenericScope     : BeanFactory id=b90d7476-a262-38c6-981a-dc23f3efd4d4
2021-12-24 02:12:54.008  INFO 11544 --- [    Test worker] o.s.b.t.m.w.SpringBootMockServletContext : Initializing Spring TestDispatcherServlet ''
2021-12-24 02:12:54.008  INFO 11544 --- [    Test worker] o.s.t.web.servlet.TestDispatcherServlet  : Initializing Servlet ''
2021-12-24 02:12:54.009  INFO 11544 --- [    Test worker] o.s.t.web.servlet.TestDispatcherServlet  : Completed initialization in 1 ms
2021-12-24 02:12:54.182  INFO 11544 --- [    Test worker] r.a.m.a.c.ExchangeRateControllerTest     : Started ExchangeRateControllerTest in 1.088 seconds (JVM running for 5.337)
2021-12-24 02:12:54.183  INFO 11544 --- [    Test worker] o.s.b.a.ApplicationAvailabilityBean      : Application availability state LivenessState changed to CORRECT
2021-12-24 02:12:54.183  INFO 11544 --- [    Test worker] o.s.b.a.ApplicationAvailabilityBean      : Application availability state ReadinessState changed to ACCEPTING_TRAFFIC

MockHttpServletRequest:
      HTTP Method = GET
      Request URI = /
       Parameters = {}
          Headers = []
             Body = null
    Session Attrs = {}

Handler:
             Type = ru.alfabank.myjob.alfabanktesttask.controller.ExchangeRateController
           Method = ru.alfabank.myjob.alfabanktesttask.controller.ExchangeRateController#getGif()

Async:
    Async started = false
     Async result = null

Resolved Exception:
             Type = null

ModelAndView:
        View name = null
             View = null
            Model = null

FlashMap:
       Attributes = null

MockHttpServletResponse:
           Status = 200
    Error message = null
          Headers = [Content-Type:"application/json"]
     Content type = application/json
             Body = {"data":{"id":"QAO5e1GbF9kLKDjqlI","title":"Tiwa Savage Money GIF by Universal Music Africa","rating":"g","embed_url":"https://giphy.com/embed/QAO5e1GbF9kLKDjqlI","url":"https://giphy.com/gifs/universalafrica-umgsa-universalmusicsouthafrica-umgnigeria-QAO5e1GbF9kLKDjqlI"},"tag":"broken"}
    Forwarded URL = null
   Redirected URL = null
          Cookies = []

MockHttpServletRequest:
      HTTP Method = GET
      Request URI = /rub
       Parameters = {}
          Headers = []
             Body = null
    Session Attrs = {}

Handler:
             Type = ru.alfabank.myjob.alfabanktesttask.controller.ExchangeRateController
           Method = ru.alfabank.myjob.alfabanktesttask.controller.ExchangeRateController#getGifAsJSON(String)

Async:
    Async started = false
     Async result = null

Resolved Exception:
             Type = null

ModelAndView:
        View name = null
             View = null
            Model = null

FlashMap:
       Attributes = null

MockHttpServletResponse:
           Status = 200
    Error message = null
          Headers = [Content-Type:"application/json"]
     Content type = application/json
             Body = {"data":{"id":"QAO5e1GbF9kLKDjqlI","title":"Tiwa Savage Money GIF by Universal Music Africa","rating":"g","embed_url":"https://giphy.com/embed/QAO5e1GbF9kLKDjqlI","url":"https://giphy.com/gifs/universalafrica-umgsa-universalmusicsouthafrica-umgnigeria-QAO5e1GbF9kLKDjqlI"},"tag":"broken"}
    Forwarded URL = null
   Redirected URL = null
          Cookies = []
]]></system-out>
  <system-err><![CDATA[]]></system-err>
</testsuite>
