<?xml version="1.0" encoding="UTF-8"?>
<testsuite name="ru.alfabank.myjob.alfabanktesttask.services.GifServiceTest" tests="2" skipped="0" failures="0" errors="0" timestamp="2021-12-23T23:12:55" hostname="DESKTOP-0L5F16E" time="0.561">
  <properties/>
  <testcase name="getGifBroken()" classname="ru.alfabank.myjob.alfabanktesttask.services.GifServiceTest" time="0.333"/>
  <testcase name="getGifRich()" classname="ru.alfabank.myjob.alfabanktesttask.services.GifServiceTest" time="0.227"/>
  <system-out><![CDATA[2021-12-24 02:12:55.188  INFO 11544 --- [    Test worker] .b.t.c.SpringBootTestContextBootstrapper : Neither @ContextConfiguration nor @ContextHierarchy found for test class [ru.alfabank.myjob.alfabanktesttask.services.GifServiceTest], using SpringBootContextLoader
2021-12-24 02:12:55.189  INFO 11544 --- [    Test worker] o.s.t.c.support.AbstractContextLoader    : Could not detect default resource locations for test class [ru.alfabank.myjob.alfabanktesttask.services.GifServiceTest]: no resource found for suffixes {-context.xml, Context.groovy}.
2021-12-24 02:12:55.189  INFO 11544 --- [    Test worker] t.c.s.AnnotationConfigContextLoaderUtils : Could not detect default configuration classes for test class [ru.alfabank.myjob.alfabanktesttask.services.GifServiceTest]: GifServiceTest does not declare any static, non-private, non-final, nested classes annotated with @Configuration.
2021-12-24 02:12:55.191  INFO 11544 --- [    Test worker] .b.t.c.SpringBootTestContextBootstrapper : Found @SpringBootConfiguration ru.alfabank.myjob.alfabanktesttask.AlfaBankTestTaskApplication for test class ru.alfabank.myjob.alfabanktesttask.services.GifServiceTest
2021-12-24 02:12:55.192  INFO 11544 --- [    Test worker] .b.t.c.SpringBootTestContextBootstrapper : Loaded default TestExecutionListener class names from location [META-INF/spring.factories]: [org.springframework.boot.test.autoconfigure.restdocs.RestDocsTestExecutionListener, org.springframework.boot.test.autoconfigure.web.client.MockRestServiceServerResetTestExecutionListener, org.springframework.boot.test.autoconfigure.web.servlet.MockMvcPrintOnlyOnFailureTestExecutionListener, org.springframework.boot.test.autoconfigure.web.servlet.WebDriverTestExecutionListener, org.springframework.boot.test.autoconfigure.webservices.client.MockWebServiceServerTestExecutionListener, org.springframework.boot.test.mock.mockito.MockitoTestExecutionListener, org.springframework.boot.test.mock.mockito.ResetMocksTestExecutionListener, org.springframework.test.context.web.ServletTestExecutionListener, org.springframework.test.context.support.DirtiesContextBeforeModesTestExecutionListener, org.springframework.test.context.event.ApplicationEventsTestExecutionListener, org.springframework.test.context.support.DependencyInjectionTestExecutionListener, org.springframework.test.context.support.DirtiesContextTestExecutionListener, org.springframework.test.context.transaction.TransactionalTestExecutionListener, org.springframework.test.context.jdbc.SqlScriptsTestExecutionListener, org.springframework.test.context.event.EventPublishingTestExecutionListener]
2021-12-24 02:12:55.193  INFO 11544 --- [    Test worker] .b.t.c.SpringBootTestContextBootstrapper : Using TestExecutionListeners: [org.springframework.test.context.web.ServletTestExecutionListener@56f84c9b, org.springframework.test.context.support.DirtiesContextBeforeModesTestExecutionListener@26679788, org.springframework.test.context.event.ApplicationEventsTestExecutionListener@5cdda548, org.springframework.boot.test.mock.mockito.MockitoTestExecutionListener@4f2544b0, org.springframework.boot.test.autoconfigure.SpringBootDependencyInjectionTestExecutionListener@5bad555b, org.springframework.test.context.support.DirtiesContextTestExecutionListener@41ec4271, org.springframework.test.context.event.EventPublishingTestExecutionListener@70aa58e1, org.springframework.boot.test.autoconfigure.restdocs.RestDocsTestExecutionListener@154f8280, org.springframework.boot.test.autoconfigure.web.client.MockRestServiceServerResetTestExecutionListener@24f90aff, org.springframework.boot.test.autoconfigure.web.servlet.MockMvcPrintOnlyOnFailureTestExecutionListener@7252bdb, org.springframework.boot.test.autoconfigure.web.servlet.WebDriverTestExecutionListener@25ea068e, org.springframework.boot.test.autoconfigure.webservices.client.MockWebServiceServerTestExecutionListener@4cd8db31, org.springframework.boot.test.mock.mockito.ResetMocksTestExecutionListener@201a8ea7]
]]></system-out>
  <system-err><![CDATA[]]></system-err>
</testsuite>
